==========================================
SLURM_JOB_ID = 2581641
SLURM_NODELIST = gnode073
SLURM_JOB_GPUS = 3
==========================================
Starting Phase 1...
Reading /home2/manas.agrawal/INLP_PROJECT/Harry_Potter_all_books_preprocessed.txt...
Could not find Book 4 start. Using length heuristic (1.6M chars).
Saved processed text to /home2/manas.agrawal/INLP_PROJECT/src/data/target_corpus.txt. Length: 1600000 chars.
Loading neutral corpus (wikitext-2)...
Starting Phase 2...
WARNING:root:float16 models may not work on CPU. Consider using a GPU or bfloat16.
`torch_dtype` is deprecated! Use `dtype` instead!
Using device: cuda
Loading gemma-2b on CPU first to save memory...

Loading weights:   0%|          | 0/164 [00:00<?, ?it/s]
WARNING:root:With reduced precision, it is advised to use `from_pretrained_no_processing` instead of `from_pretrained`.
WARNING:root:You are not using LayerNorm, so the writing weights can't be centered! Skipping
Loaded pretrained model gemma-2b into HookedTransformer
Moving model to CUDA...
Moving model to device:  cuda
Using GPU: NVIDIA GeForce RTX 2080 Ti
Total GPU Memory: 11.35 GB
Loading Data...
Using NEUTRAL corpus (OpenWebText) for SAE training...
This learns general features that can later be compared to HP corpus.
Collecting 5000000 tokens from OpenWebText...
Collected 5000000 tokens
Initializing TopK SAE for Layer 12 with d_sae=32768, k=32...
Starting training...
Moving model to device:  cuda

Saved SAE to checkpoints/sae_gemma-2b_layer_12.pt
Starting Phase 4...
WARNING:root:float16 models may not work on CPU. Consider using a GPU or bfloat16.
`torch_dtype` is deprecated! Use `dtype` instead!
Loading gemma-2b on CPU first to save memory...

WARNING:root:With reduced precision, it is advised to use `from_pretrained_no_processing` instead of `from_pretrained`.
WARNING:root:You are not using LayerNorm, so the writing weights can't be centered! Skipping
Token indices sequence length is longer than the specified maximum sequence length for this model (353631 > 1024). Running this sequence through the model will result in indexing errors
Loaded pretrained model gemma-2b into HookedTransformer
Moving model to CUDA...
Moving model to device:  cuda
Using GPU: NVIDIA GeForce RTX 2080 Ti
Total GPU Memory: 11.35 GB
Loading SAE for Layer 12...
Loading Target Corpus (Harry Potter)...
Loading and tokenizing src/data/target_corpus.txt using gpt2 tokenizer...
Loaded 353631 tokens.
Loading Neutral Corpus (WikiText)...
Loading neutral corpus (wikitext-2)...
Computing Target Feature Statistics...
Processing 292 batches...

  0%|          | 0/292 [00:00<?, ?it/s]
  0%|          | 1/292 [00:00<02:13,  2.18it/s]
  0%|          | 1/292 [00:00<03:14,  1.50it/s]
Traceback (most recent call last):
  File "/home2/manas.agrawal/INLP_PROJECT/src/analysis/diff_means.py", line 171, in <module>
    analyze(args)
  File "/home2/manas.agrawal/INLP_PROJECT/src/analysis/diff_means.py", line 115, in analyze
    target_mean, target_sparsity = get_feature_stats(target_tokens)
                                   ^^^^^^^^^^^^^^^^^^^^^^^^^^^^^^^^
  File "/home2/manas.agrawal/INLP_PROJECT/src/analysis/diff_means.py", line 100, in get_feature_stats
    _, cache = model.run_with_cache(batch, stop_at_layer=args.layer + 1)
               ^^^^^^^^^^^^^^^^^^^^^^^^^^^^^^^^^^^^^^^^^^^^^^^^^^^^^^^^^
  File "/home2/manas.agrawal/INLP_PROJECT/inlp/lib/python3.12/site-packages/transformer_lens/HookedTransformer.py", line 702, in run_with_cache
    out, cache_dict = super().run_with_cache(
                      ^^^^^^^^^^^^^^^^^^^^^^^
  File "/home2/manas.agrawal/INLP_PROJECT/inlp/lib/python3.12/site-packages/transformer_lens/hook_points.py", line 560, in run_with_cache
    model_out = self(*model_args, **model_kwargs)
                ^^^^^^^^^^^^^^^^^^^^^^^^^^^^^^^^^
  File "/home2/manas.agrawal/INLP_PROJECT/inlp/lib/python3.12/site-packages/torch/nn/modules/module.py", line 1776, in _wrapped_call_impl
    return self._call_impl(*args, **kwargs)
           ^^^^^^^^^^^^^^^^^^^^^^^^^^^^^^^^
  File "/home2/manas.agrawal/INLP_PROJECT/inlp/lib/python3.12/site-packages/torch/nn/modules/module.py", line 1787, in _call_impl
    return forward_call(*args, **kwargs)
           ^^^^^^^^^^^^^^^^^^^^^^^^^^^^^
  File "/home2/manas.agrawal/INLP_PROJECT/inlp/lib/python3.12/site-packages/transformer_lens/HookedTransformer.py", line 620, in forward
    residual = block(
               ^^^^^^
  File "/home2/manas.agrawal/INLP_PROJECT/inlp/lib/python3.12/site-packages/torch/nn/modules/module.py", line 1776, in _wrapped_call_impl
    return self._call_impl(*args, **kwargs)
           ^^^^^^^^^^^^^^^^^^^^^^^^^^^^^^^^
  File "/home2/manas.agrawal/INLP_PROJECT/inlp/lib/python3.12/site-packages/torch/nn/modules/module.py", line 1787, in _call_impl
    return forward_call(*args, **kwargs)
           ^^^^^^^^^^^^^^^^^^^^^^^^^^^^^
  File "/home2/manas.agrawal/INLP_PROJECT/inlp/lib/python3.12/site-packages/transformer_lens/components/transformer_block.py", line 186, in forward
    mlp_out = self.apply_mlp(normalized_resid_mid)
              ^^^^^^^^^^^^^^^^^^^^^^^^^^^^^^^^^^^^
  File "/home2/manas.agrawal/INLP_PROJECT/inlp/lib/python3.12/site-packages/transformer_lens/components/transformer_block.py", line 210, in apply_mlp
    mlp_out = self.mlp(normalized_resid)  # [batch, pos, d_model]
              ^^^^^^^^^^^^^^^^^^^^^^^^^^
  File "/home2/manas.agrawal/INLP_PROJECT/inlp/lib/python3.12/site-packages/torch/nn/modules/module.py", line 1776, in _wrapped_call_impl
    return self._call_impl(*args, **kwargs)
           ^^^^^^^^^^^^^^^^^^^^^^^^^^^^^^^^
  File "/home2/manas.agrawal/INLP_PROJECT/inlp/lib/python3.12/site-packages/torch/nn/modules/module.py", line 1787, in _call_impl
    return forward_call(*args, **kwargs)
           ^^^^^^^^^^^^^^^^^^^^^^^^^^^^^
  File "/home2/manas.agrawal/INLP_PROJECT/inlp/lib/python3.12/site-packages/transformer_lens/components/mlps/gated_mlp.py", line 68, in forward
    torch.matmul(x, self.W_in)  # batch pos d_model, d_model d_mlp -> batch pos d_mlp
    ^^^^^^^^^^^^^^^^^^^^^^^^^^
torch.OutOfMemoryError: CUDA out of memory. Tried to allocate 32.00 MiB. GPU 0 has a total capacity of 10.57 GiB of which 6.06 MiB is free. Including non-PyTorch memory, this process has 10.56 GiB memory in use. Of the allocated memory 10.35 GiB is allocated by PyTorch, and 28.89 MiB is reserved by PyTorch but unallocated. If reserved but unallocated memory is large try setting PYTORCH_ALLOC_CONF=expandable_segments:True to avoid fragmentation.  See documentation for Memory Management  (https://pytorch.org/docs/stable/notes/cuda.html#environment-variables)
Starting Phase 4...
WARNING:root:float16 models may not work on CPU. Consider using a GPU or bfloat16.
`torch_dtype` is deprecated! Use `dtype` instead!
Loading Model: gemma-2b on CPU first to save memory...

WARNING:root:With reduced precision, it is advised to use `from_pretrained_no_processing` instead of `from_pretrained`.
WARNING:root:You are not using LayerNorm, so the writing weights can't be centered! Skipping
Loaded pretrained model gemma-2b into HookedTransformer
Moving model to CUDA...
Moving model to device:  cuda
Using GPU: NVIDIA GeForce RTX 2080 Ti
Total GPU Memory: 11.35 GB
Evaluating Baseline...
Evaluating 50 prompts...
Baseline Match Rate: 0.3400
Loading SAE for Layer 12...
Traceback (most recent call last):
  File "/home2/manas.agrawal/INLP_PROJECT/src/eval/evaluate.py", line 149, in <module>
    evaluate(args)
  File "/home2/manas.agrawal/INLP_PROJECT/src/eval/evaluate.py", line 110, in evaluate
    sae.load_state_dict(torch.load(checkpoint_path, map_location=device))
  File "/home2/manas.agrawal/INLP_PROJECT/inlp/lib/python3.12/site-packages/torch/nn/modules/module.py", line 2635, in load_state_dict
    raise RuntimeError(
RuntimeError: Error(s) in loading state_dict for TopKSAE:
	Missing key(s) in state_dict: "W_enc", "b_enc", "W_dec", "b_dec". 
	Unexpected key(s) in state_dict: "state_dict", "model", "layer", "d_sae", "k". 
